[0.009s] Invoking command in '/home/rfid_tag_workspace/src/rfid_ros_package/build/rfid_ros_package': CMAKE_PREFIX_PATH=${CMAKE_PREFIX_PATH}:/home/rfid_tag_workspace/install/sensor_msgs_py:/opt/ros/humble /usr/bin/cmake /home/rfid_tag_workspace/src/rfid_ros_package -DCMAKE_INSTALL_PREFIX=/home/rfid_tag_workspace/src/rfid_ros_package/install/rfid_ros_package
[0.018s] -- Found ament_cmake: 1.3.11 (/opt/ros/humble/share/ament_cmake/cmake)
[0.133s] -- Found rcl: 5.3.9 (/opt/ros/humble/share/rcl/cmake)
[0.151s] -- Found rosidl_generator_c: 3.1.6 (/opt/ros/humble/share/rosidl_generator_c/cmake)
[0.152s] -- Found rosidl_adapter: 3.1.6 (/opt/ros/humble/share/rosidl_adapter/cmake)
[0.156s] -- Found rosidl_generator_cpp: 3.1.6 (/opt/ros/humble/share/rosidl_generator_cpp/cmake)
[0.162s] -- Using all available rosidl_typesupport_c: rosidl_typesupport_fastrtps_c;rosidl_typesupport_introspection_c
[0.171s] -- Using all available rosidl_typesupport_cpp: rosidl_typesupport_fastrtps_cpp;rosidl_typesupport_introspection_cpp
[0.191s] -- Found rmw_implementation_cmake: 6.1.2 (/opt/ros/humble/share/rmw_implementation_cmake/cmake)
[0.192s] -- Found rmw_cyclonedds_cpp: 1.3.4 (/opt/ros/humble/share/rmw_cyclonedds_cpp/cmake)
[0.204s] -- Using RMW implementation 'rmw_cyclonedds_cpp' as default
[0.209s] -- Found rcl_action: 5.3.9 (/opt/ros/humble/share/rcl_action/cmake)
[0.227s] -- Found ament_cmake_export_assemblies: 0.0.0 (/home/rfid_tag_workspace/install/ament_cmake_export_assemblies/share/ament_cmake_export_assemblies/cmake)
[0.227s] -- Found dotnet_cmake_module: 0.0.0 (/home/rfid_tag_workspace/install/dotnet_cmake_module/share/dotnet_cmake_module/cmake)
[0.309s] [33mCMake Warning (dev) at /usr/share/cmake-3.22/Modules/FindPackageHandleStandardArgs.cmake:438 (message):
[0.309s]   The package name passed to `find_package_handle_standard_args`
[0.309s]   (DOTNET_CORE) does not match the name of the calling package (DotNetCore).
[0.309s]   This can lead to problems in calling code that expects `find_package`
[0.309s]   result variables (e.g., `_FOUND`) to follow a certain pattern.
[0.309s] Call Stack (most recent call first):
[0.309s]   /home/rfid_tag_workspace/install/dotnet_cmake_module/share/dotnet_cmake_module/cmake/Modules/dotnet/FindDotNetCore.cmake:37 (find_package_handle_standard_args)
[0.310s]   /home/rfid_tag_workspace/install/dotnet_cmake_module/share/dotnet_cmake_module/cmake/Modules/FindCSBuild.cmake:20 (find_package)
[0.310s]   /home/rfid_tag_workspace/install/dotnet_cmake_module/share/dotnet_cmake_module/cmake/Modules/FindDotNETExtra.cmake:15 (find_package)
[0.310s]   CMakeLists.txt:23 (find_package)
[0.310s] This warning is for project developers.  Use -Wno-dev to suppress it.
[0.310s] [0m
[0.310s] -- Found .NET Core: 8.0.114
[0.310s] -- Using Framework: net8.0
[0.310s] -- Using Framework: net8.0
[0.310s] -- Using Runtime: linux-x64
[0.310s] -- Found rcldotnet: 0.0.0 (/home/rfid_tag_workspace/install/rcldotnet/share/rcldotnet/cmake)
[0.312s] -- Found rcldotnet_common: 0.0.0 (/home/rfid_tag_workspace/install/rcldotnet_common/share/rcldotnet_common/cmake)
[0.312s] -- Found rosidl_default_generators: 1.2.0 (/home/rfid_tag_workspace/install/rosidl_default_generators/share/rosidl_default_generators/cmake)
[0.321s] -- Found std_msgs: 4.2.4 (/home/rfid_tag_workspace/install/std_msgs/share/std_msgs/cmake)
[0.329s] -- Found std_srvs: 4.2.4 (/home/rfid_tag_workspace/install/std_srvs/share/std_srvs/cmake)
[0.547s] -- Found ament_cmake_ros: 0.10.0 (/opt/ros/humble/share/ament_cmake_ros/cmake)
[0.813s] -- Using all available rosidl_typesupport_c: rosidl_typesupport_fastrtps_c;rosidl_typesupport_introspection_c
[0.906s] -- Using all available rosidl_typesupport_cpp: rosidl_typesupport_fastrtps_cpp;rosidl_typesupport_introspection_cpp
[0.908s] -- Found .NET Core: 8.0.114
[0.908s] -- Using Framework: net8.0
[0.908s] -- Using Framework: net8.0
[0.908s] -- Using Runtime: linux-x64
[1.033s] -- Found python_cmake_module: 0.10.0 (/opt/ros/humble/share/python_cmake_module/cmake)
[1.052s] -- Using PYTHON_EXECUTABLE: /usr/bin/python3
[1.052s] -- Using PYTHON_INCLUDE_DIRS: /usr/include/python3.10
[1.052s] -- Using PYTHON_LIBRARIES: /usr/lib/x86_64-linux-gnu/libpython3.10.so
[1.072s] -- Configuring done
[1.094s] -- Generating done
[1.102s] -- Build files have been written to: /home/rfid_tag_workspace/src/rfid_ros_package/build/rfid_ros_package
[1.108s] Invoked command in '/home/rfid_tag_workspace/src/rfid_ros_package/build/rfid_ros_package' returned '0': CMAKE_PREFIX_PATH=${CMAKE_PREFIX_PATH}:/home/rfid_tag_workspace/install/sensor_msgs_py:/opt/ros/humble /usr/bin/cmake /home/rfid_tag_workspace/src/rfid_ros_package -DCMAKE_INSTALL_PREFIX=/home/rfid_tag_workspace/src/rfid_ros_package/install/rfid_ros_package
[1.109s] Invoking command in '/home/rfid_tag_workspace/src/rfid_ros_package/build/rfid_ros_package': CMAKE_PREFIX_PATH=${CMAKE_PREFIX_PATH}:/home/rfid_tag_workspace/install/sensor_msgs_py:/opt/ros/humble /usr/bin/cmake --build /home/rfid_tag_workspace/src/rfid_ros_package/build/rfid_ros_package -- -j24 -l24
[1.164s] [  2%] [34m[1mGenerating C code for ROS interfaces[0m
[1.173s] [  6%] [32mBuilding C object CMakeFiles/rfid_ros_package_native.dir/home/rfid_tag_workspace/src/ros2_dotnet/ros2_dotnet/rcldotnet/rcldotnet_clock.c.o[0m
[1.173s] [  6%] [32mBuilding C object CMakeFiles/rfid_ros_package_native.dir/home/rfid_tag_workspace/src/ros2_dotnet/ros2_dotnet/rcldotnet/rcldotnet_client.c.o[0m
[1.173s] [  8%] [32mBuilding C object CMakeFiles/rfid_ros_package_native.dir/home/rfid_tag_workspace/src/ros2_dotnet/ros2_dotnet/rcldotnet/rcldotnet_guard_condition.c.o[0m
[1.173s] [ 10%] [32mBuilding C object CMakeFiles/rfid_ros_package_native.dir/home/rfid_tag_workspace/src/ros2_dotnet/ros2_dotnet/rcldotnet/rcldotnet_timer.c.o[0m
[1.173s] [ 12%] [32mBuilding C object CMakeFiles/rfid_ros_package_native.dir/home/rfid_tag_workspace/src/ros2_dotnet/ros2_dotnet/rcldotnet/rcldotnet.c.o[0m
[1.174s] [ 14%] [34m[1mGenerating C# code for ROS interfaces[0m
[1.176s] [ 17%] [32mBuilding C object CMakeFiles/rfid_ros_package_native.dir/home/rfid_tag_workspace/src/ros2_dotnet/ros2_dotnet/rcldotnet/rcldotnet_node.c.o[0m
[1.180s] [ 19%] [32mBuilding C object CMakeFiles/rfid_ros_package_native.dir/home/rfid_tag_workspace/src/ros2_dotnet/ros2_dotnet/rcldotnet/rcldotnet_qos_profile.c.o[0m
[1.181s] [ 25%] [32mBuilding C object CMakeFiles/rfid_ros_package_native.dir/home/rfid_tag_workspace/src/ros2_dotnet/ros2_dotnet/rcldotnet/rcldotnet_publisher.c.o[0m
[1.181s] [ 25%] [34m[1m/usr/bin/cmake;-version;/usr/bin/dotnet restore;-r;linux-x64 rfid_ros_node_dotnetcore.csproj; /usr/bin/dotnet publish;-r;linux-x64 rfid_ros_node_dotnetcore.csproj -> /home/rfid_tag_workspace/src/rfid_ros_package/build/rfid_ros_package/rfid_ros_node[0m
[1.181s] [ 25%] [32mBuilding C object CMakeFiles/rfid_ros_package_native.dir/home/rfid_tag_workspace/src/ros2_dotnet/ros2_dotnet/rcldotnet/rcldotnet_action_client.c.o[0m
[1.181s] [ 27%] [34m[1mGenerating C++ code for ROS interfaces[0m
[1.182s] [ 27%] Built target ament_cmake_python_copy_rfid_ros_package
[1.226s] [01m[K/home/rfid_tag_workspace/src/ros2_dotnet/ros2_dotnet/rcldotnet/rcldotnet.c:[m[K In function ‘[01m[Knative_rcl_wait_set_subscription_ready[m[K’:
[1.227s] [01m[K/home/rfid_tag_workspace/src/ros2_dotnet/ros2_dotnet/rcldotnet/rcldotnet.c:312:13:[m[K [01;35m[Kwarning: [m[Kcomparison of integer expressions of different signedness: ‘[01m[Kint32_t[m[K’ {aka ‘[01m[Kint[m[K’} and ‘[01m[Ksize_t[m[K’ {aka ‘[01m[Klong unsigned int[m[K’} [[01;35m[K-Wsign-compare[m[K]
[1.227s]   312 |   if (index [01;35m[K>=[m[K wait_set->size_of_subscriptions)
[1.227s]       |             [01;35m[K^~[m[K
[1.227s] [01m[K/home/rfid_tag_workspace/src/ros2_dotnet/ros2_dotnet/rcldotnet/rcldotnet.c:[m[K In function ‘[01m[Knative_rcl_wait_set_client_ready[m[K’:
[1.227s] [01m[K/home/rfid_tag_workspace/src/ros2_dotnet/ros2_dotnet/rcldotnet/rcldotnet.c:324:13:[m[K [01;35m[Kwarning: [m[Kcomparison of integer expressions of different signedness: ‘[01m[Kint32_t[m[K’ {aka ‘[01m[Kint[m[K’} and ‘[01m[Ksize_t[m[K’ {aka ‘[01m[Klong unsigned int[m[K’} [[01;35m[K-Wsign-compare[m[K]
[1.227s]   324 |   if (index [01;35m[K>=[m[K wait_set->size_of_clients)
[1.227s]       |             [01;35m[K^~[m[K
[1.227s] [01m[K/home/rfid_tag_workspace/src/ros2_dotnet/ros2_dotnet/rcldotnet/rcldotnet.c:[m[K In function ‘[01m[Knative_rcl_wait_set_timer_ready[m[K’:
[1.227s] [01m[K/home/rfid_tag_workspace/src/ros2_dotnet/ros2_dotnet/rcldotnet/rcldotnet.c:336:13:[m[K [01;35m[Kwarning: [m[Kcomparison of integer expressions of different signedness: ‘[01m[Kint32_t[m[K’ {aka ‘[01m[Kint[m[K’} and ‘[01m[Ksize_t[m[K’ {aka ‘[01m[Klong unsigned int[m[K’} [[01;35m[K-Wsign-compare[m[K]
[1.227s]   336 |   if (index [01;35m[K>=[m[K wait_set->size_of_timers)
[1.227s]       |             [01;35m[K^~[m[K
[1.227s] [01m[K/home/rfid_tag_workspace/src/ros2_dotnet/ros2_dotnet/rcldotnet/rcldotnet.c:[m[K In function ‘[01m[Knative_rcl_wait_set_service_ready[m[K’:
[1.227s] [01m[K/home/rfid_tag_workspace/src/ros2_dotnet/ros2_dotnet/rcldotnet/rcldotnet.c:348:13:[m[K [01;35m[Kwarning: [m[Kcomparison of integer expressions of different signedness: ‘[01m[Kint32_t[m[K’ {aka ‘[01m[Kint[m[K’} and ‘[01m[Ksize_t[m[K’ {aka ‘[01m[Klong unsigned int[m[K’} [[01;35m[K-Wsign-compare[m[K]
[1.227s]   348 |   if (index [01;35m[K>=[m[K wait_set->size_of_services)
[1.227s]       |             [01;35m[K^~[m[K
[1.227s] [01m[K/home/rfid_tag_workspace/src/ros2_dotnet/ros2_dotnet/rcldotnet/rcldotnet.c:[m[K In function ‘[01m[Knative_rcl_wait_set_guard_condition_ready[m[K’:
[1.227s] [01m[K/home/rfid_tag_workspace/src/ros2_dotnet/ros2_dotnet/rcldotnet/rcldotnet.c:360:13:[m[K [01;35m[Kwarning: [m[Kcomparison of integer expressions of different signedness: ‘[01m[Kint32_t[m[K’ {aka ‘[01m[Kint[m[K’} and ‘[01m[Ksize_t[m[K’ {aka ‘[01m[Klong unsigned int[m[K’} [[01;35m[K-Wsign-compare[m[K]
[1.227s]   360 |   if (index [01;35m[K>=[m[K wait_set->size_of_guard_conditions)
[1.227s]       |             [01;35m[K^~[m[K
[1.248s] cmake version 3.22.1
[1.248s] 
[1.248s] CMake suite maintained and supported by Kitware (kitware.com/cmake).
[1.262s] [ 29%] [32m[1mLinking C shared library librfid_ros_package_native.so[0m
[1.296s] [ 29%] Built target rfid_ros_package_native
[1.352s] [?1h=[ 29%] Built target rfid_ros_package__dotnet
[1.367s] [ 29%] Built target rfid_ros_package__cpp
[1.371s] [ 31%] [34m[1m/usr/bin/cmake;-version;/usr/bin/dotnet restore;-r;linux-x64 rfid_ros_package_assemblies_dotnetcore.csproj; /usr/bin/dotnet publish;-r;linux-x64 rfid_ros_package_assemblies_dotnetcore.csproj -> /home/rfid_tag_workspace/src/rfid_ros_package/build/rfid_ros_package/rfid_ros_package_assemblies[0m
[1.377s] [ 34%] [34m[1mGenerating C++ introspection for ROS interfaces[0m
[1.377s] [ 40%] [34m[1mGenerating C++ type support dispatch for ROS interfaces[0m
[1.377s] [ 40%] [34m[1mGenerating C++ type support for eProsima Fast-RTPS[0m
[1.377s] [ 40%] [32mBuilding C object CMakeFiles/rfid_ros_package__rosidl_generator_c.dir/rosidl_generator_c/rfid_ros_package/msg/detail/rfid_tag_msgs__functions.c.o[0m
[1.387s] running egg_info
[1.388s] creating rfid_ros_package.egg-info
[1.388s] writing rfid_ros_package.egg-info/PKG-INFO
[1.388s] writing dependency_links to rfid_ros_package.egg-info/dependency_links.txt
[1.388s] writing top-level names to rfid_ros_package.egg-info/top_level.txt
[1.388s] writing manifest file 'rfid_ros_package.egg-info/SOURCES.txt'
[1.389s] reading manifest file 'rfid_ros_package.egg-info/SOURCES.txt'
[1.389s] writing manifest file 'rfid_ros_package.egg-info/SOURCES.txt'
[1.401s] cmake version 3.22.1
[1.401s] 
[1.402s] CMake suite maintained and supported by Kitware (kitware.com/cmake).
[1.408s] [ 40%] Built target ament_cmake_python_build_rfid_ros_package_egg
[1.411s] [ 42%] [32m[1mLinking C shared library librfid_ros_package__rosidl_generator_c.so[0m
[1.441s] [ 42%] Built target rfid_ros_package__rosidl_generator_c
[1.451s] [ 44%] [34m[1mGenerating C introspection for ROS interfaces[0m
[1.451s] [ 48%] [34m[1mGenerating C type support dispatch for ROS interfaces[0m
[1.451s] [ 48%] [34m[1mGenerating C type support for eProsima Fast-RTPS[0m
[1.520s] [?1h=[ 51%] [32mBuilding CXX object CMakeFiles/rfid_ros_package__rosidl_typesupport_cpp.dir/rosidl_typesupport_cpp/rfid_ros_package/msg/rfid_tag_msgs__type_support.cpp.o[0m
[1.532s] [ 53%] [32mBuilding CXX object CMakeFiles/rfid_ros_package__rosidl_typesupport_fastrtps_cpp.dir/rosidl_typesupport_fastrtps_cpp/rfid_ros_package/msg/detail/dds_fastrtps/rfid_tag_msgs__type_support.cpp.o[0m
[1.533s] [ 55%] [32mBuilding CXX object CMakeFiles/rfid_ros_package__rosidl_typesupport_introspection_cpp.dir/rosidl_typesupport_introspection_cpp/rfid_ros_package/msg/detail/rfid_tag_msgs__type_support.cpp.o[0m
[1.595s] [ 57%] [32mBuilding CXX object CMakeFiles/rfid_ros_package__rosidl_typesupport_c.dir/rosidl_typesupport_c/rfid_ros_package/msg/rfid_tag_msgs__type_support.cpp.o[0m
[1.606s] [ 59%] [32mBuilding CXX object CMakeFiles/rfid_ros_package__rosidl_typesupport_fastrtps_c.dir/rosidl_typesupport_fastrtps_c/rfid_ros_package/msg/detail/rfid_tag_msgs__type_support_c.cpp.o[0m
[1.607s] [ 61%] [32mBuilding C object CMakeFiles/rfid_ros_package__rosidl_typesupport_introspection_c.dir/rosidl_typesupport_introspection_c/rfid_ros_package/msg/detail/rfid_tag_msgs__type_support.c.o[0m
[1.624s] [ 63%] [32m[1mLinking CXX shared library librfid_ros_package__rosidl_typesupport_c.so[0m
[1.634s] [ 65%] [32m[1mLinking C shared library librfid_ros_package__rosidl_typesupport_introspection_c.so[0m
[1.654s]   Determining projects to restore...
[1.656s] [ 65%] Built target rfid_ros_package__rosidl_typesupport_c
[1.661s] [ 65%] Built target rfid_ros_package__rosidl_typesupport_introspection_c
[1.674s] [ 68%] [32mBuilding C object CMakeFiles/rfid_ros_package__dotnetext.dir/rosidl_generator_dotnet/rfid_ros_package/msg/rfid_tag_msgs.c.o[0m
[1.683s] [ 70%] [32m[1mLinking CXX shared library librfid_ros_package__rosidl_typesupport_cpp.so[0m
[1.703s] [ 72%] [32m[1mLinking C shared library rosidl_generator_dotnet/rfid_ros_package/librfid_ros_package__dotnetext_native.so[0m
[1.718s] [ 72%] Built target rfid_ros_package__rosidl_typesupport_cpp
[1.730s] [ 74%] Built target rfid_ros_package__dotnetext
[1.746s] [ 76%] [32m[1mLinking CXX shared library librfid_ros_package__rosidl_typesupport_fastrtps_cpp.so[0m
[1.767s] [ 78%] [32m[1mLinking CXX shared library librfid_ros_package__rosidl_typesupport_introspection_cpp.so[0m
[1.786s] [ 80%] [32m[1mLinking CXX shared library librfid_ros_package__rosidl_typesupport_fastrtps_c.so[0m
[1.796s] [ 80%] Built target rfid_ros_package__rosidl_typesupport_fastrtps_cpp
[1.800s] [ 80%] Built target rfid_ros_package__rosidl_typesupport_introspection_cpp
[1.828s]   Determining projects to restore...
[1.839s] [ 80%] Built target rfid_ros_package__rosidl_typesupport_fastrtps_c
[1.857s] [ 80%] Built target rfid_ros_package
[1.874s] [ 82%] [34m[1mGenerating Python code for ROS interfaces[0m
[2.056s] [ 82%] Built target rfid_ros_package__py
[2.072s] [ 85%] [32mBuilding C object CMakeFiles/rfid_ros_package__rosidl_generator_py.dir/rosidl_generator_py/rfid_ros_package/msg/_rfid_tag_msgs_s.c.o[0m
[2.136s] [ 87%] [32m[1mLinking C shared library rosidl_generator_py/rfid_ros_package/librfid_ros_package__rosidl_generator_py.so[0m
[2.165s] [ 87%] Built target rfid_ros_package__rosidl_generator_py
[2.183s] [ 89%] [32mBuilding C object CMakeFiles/rfid_ros_package__rosidl_typesupport_c__pyext.dir/rosidl_generator_py/rfid_ros_package/_rfid_ros_package_s.ep.rosidl_typesupport_c.c.o[0m
[2.184s] [ 91%] [32mBuilding C object CMakeFiles/rfid_ros_package__rosidl_typesupport_fastrtps_c__pyext.dir/rosidl_generator_py/rfid_ros_package/_rfid_ros_package_s.ep.rosidl_typesupport_fastrtps_c.c.o[0m
[2.185s] [ 93%] [32mBuilding C object CMakeFiles/rfid_ros_package__rosidl_typesupport_introspection_c__pyext.dir/rosidl_generator_py/rfid_ros_package/_rfid_ros_package_s.ep.rosidl_typesupport_introspection_c.c.o[0m
[2.238s] [ 95%] [32m[1mLinking C shared library rosidl_generator_py/rfid_ros_package/rfid_ros_package_s__rosidl_typesupport_c.cpython-310-x86_64-linux-gnu.so[0m
[2.242s] [ 97%] [32m[1mLinking C shared library rosidl_generator_py/rfid_ros_package/rfid_ros_package_s__rosidl_typesupport_introspection_c.cpython-310-x86_64-linux-gnu.so[0m
[2.246s] [100%] [32m[1mLinking C shared library rosidl_generator_py/rfid_ros_package/rfid_ros_package_s__rosidl_typesupport_fastrtps_c.cpython-310-x86_64-linux-gnu.so[0m
[2.266s] [100%] Built target rfid_ros_package__rosidl_typesupport_introspection_c__pyext
[2.266s] [100%] Built target rfid_ros_package__rosidl_typesupport_c__pyext
[2.273s] [100%] Built target rfid_ros_package__rosidl_typesupport_fastrtps_c__pyext
[2.760s]   Restored /home/rfid_tag_workspace/src/rfid_ros_package/build/rfid_ros_package/rfid_ros_node/rfid_ros_node_dotnetcore.csproj (in 804 ms).
[2.773s]   Restored /home/rfid_tag_workspace/src/rfid_ros_package/build/rfid_ros_package/rfid_ros_package_assemblies/rfid_ros_package_assemblies_dotnetcore.csproj (in 667 ms).
[3.078s] [?1h=[?1h=MSBuild version 17.8.19+c3ade832a for .NET
[3.092s] MSBuild version 17.8.19+c3ade832a for .NET
[3.212s]   Determining projects to restore...
[3.226s]   Determining projects to restore...
[3.586s]   Restored /home/rfid_tag_workspace/src/rfid_ros_package/build/rfid_ros_package/rfid_ros_package_assemblies/rfid_ros_package_assemblies_dotnetcore.csproj (in 100 ms).
[3.620s]   Restored /home/rfid_tag_workspace/src/rfid_ros_package/build/rfid_ros_package/rfid_ros_node/rfid_ros_node_dotnetcore.csproj (in 130 ms).
[4.792s] [39;49m[33m/home/rfid_tag_workspace/src/rfid_ros_package/src/csharp/Program.cs(14,7): warning CS0105: The using directive for 'System.Text' appeared previously in this namespace [/home/rfid_tag_workspace/src/rfid_ros_package/build/rfid_ros_package/rfid_ros_node/rfid_ros_node_dotnetcore.csproj]
[4.792s] [39;49m[39;49m[31m/home/rfid_tag_workspace/src/rfid_ros_package/src/csharp/Program.cs(22,7): error CS0246: The type or namespace name 'Impinj' could not be found (are you missing a using directive or an assembly reference?) [/home/rfid_tag_workspace/src/rfid_ros_package/build/rfid_ros_package/rfid_ros_node/rfid_ros_node_dotnetcore.csproj]
[4.792s] [39;49m[39;49m[31m/home/rfid_tag_workspace/src/rfid_ros_package/src/csharp/Program.cs(24,7): error CS0246: The type or namespace name 'MathNet' could not be found (are you missing a using directive or an assembly reference?) [/home/rfid_tag_workspace/src/rfid_ros_package/build/rfid_ros_package/rfid_ros_node/rfid_ros_node_dotnetcore.csproj]
[4.792s] [39;49m[39;49m[31m/home/rfid_tag_workspace/src/rfid_ros_package/src/csharp/Program.cs(25,7): error CS0246: The type or namespace name 'MathNet' could not be found (are you missing a using directive or an assembly reference?) [/home/rfid_tag_workspace/src/rfid_ros_package/build/rfid_ros_package/rfid_ros_node/rfid_ros_node_dotnetcore.csproj]
[4.792s] [39;49m[39;49m[31m/home/rfid_tag_workspace/src/rfid_ros_package/src/csharp/Program.cs(26,7): error CS0246: The type or namespace name 'ROS2' could not be found (are you missing a using directive or an assembly reference?) [/home/rfid_tag_workspace/src/rfid_ros_package/build/rfid_ros_package/rfid_ros_node/rfid_ros_node_dotnetcore.csproj]
[4.792s] [39;49m[39;49m[31m/home/rfid_tag_workspace/src/rfid_ros_package/src/csharp/Program.cs(27,7): error CS0246: The type or namespace name 'rfid_ros_package_msgs' could not be found (are you missing a using directive or an assembly reference?) [/home/rfid_tag_workspace/src/rfid_ros_package/build/rfid_ros_package/rfid_ros_node/rfid_ros_node_dotnetcore.csproj]
[4.792s] [39;49m[39;49m[31m/home/rfid_tag_workspace/src/rfid_ros_package/src/csharp/Program.cs(59,13): error CS1520: Method must have a return type [/home/rfid_tag_workspace/src/rfid_ros_package/build/rfid_ros_package/rfid_ros_node/rfid_ros_node_dotnetcore.csproj]
[4.792s] [39;49m[39;49m[31m/home/rfid_tag_workspace/src/rfid_ros_package/src/csharp/Program.cs(31,12): error CS0246: The type or namespace name 'ImpinjReader' could not be found (are you missing a using directive or an assembly reference?) [/home/rfid_tag_workspace/src/rfid_ros_package/build/rfid_ros_package/rfid_ros_node/rfid_ros_node_dotnetcore.csproj]
[4.792s] [39;49m[39;49m[31m/home/rfid_tag_workspace/src/rfid_ros_package/src/csharp/Program.cs(45,22): error CS0246: The type or namespace name 'Node' could not be found (are you missing a using directive or an assembly reference?) [/home/rfid_tag_workspace/src/rfid_ros_package/build/rfid_ros_package/rfid_ros_node/rfid_ros_node_dotnetcore.csproj]
[4.792s] [39;49m[39;49m[31m/home/rfid_tag_workspace/src/rfid_ros_package/src/csharp/Program.cs(46,22): error CS0246: The type or namespace name 'Publisher<>' could not be found (are you missing a using directive or an assembly reference?) [/home/rfid_tag_workspace/src/rfid_ros_package/build/rfid_ros_package/rfid_ros_node/rfid_ros_node_dotnetcore.csproj]
[4.792s] [39;49m[39;49m[31m/home/rfid_tag_workspace/src/rfid_ros_package/src/csharp/Program.cs(46,32): error CS0246: The type or namespace name 'RFIDTagMsgs' could not be found (are you missing a using directive or an assembly reference?) [/home/rfid_tag_workspace/src/rfid_ros_package/build/rfid_ros_package/rfid_ros_node/rfid_ros_node_dotnetcore.csproj]
[4.792s] [39;49m[39;49m[31m/home/rfid_tag_workspace/src/rfid_ros_package/src/csharp/Program.cs(48,22): error CS0246: The type or namespace name 'RFIDTagMsgs' could not be found (are you missing a using directive or an assembly reference?) [/home/rfid_tag_workspace/src/rfid_ros_package/build/rfid_ros_package/rfid_ros_node/rfid_ros_node_dotnetcore.csproj]
[4.792s] [39;49m[39;49m[31m/home/rfid_tag_workspace/src/rfid_ros_package/src/csharp/Program.cs(53,28): error CS0246: The type or namespace name 'Tag' could not be found (are you missing a using directive or an assembly reference?) [/home/rfid_tag_workspace/src/rfid_ros_package/build/rfid_ros_package/rfid_ros_node/rfid_ros_node_dotnetcore.csproj]
[4.792s] [39;49m[39;49m[31m/home/rfid_tag_workspace/src/rfid_ros_package/src/csharp/Program.cs(54,28): error CS0246: The type or namespace name 'Tag' could not be found (are you missing a using directive or an assembly reference?) [/home/rfid_tag_workspace/src/rfid_ros_package/build/rfid_ros_package/rfid_ros_node/rfid_ros_node_dotnetcore.csproj]
[4.810s] gmake[2]: *** [CMakeFiles/rfid_ros_node.dir/build.make:76: CMakeFiles/rfid_ros_node] Error 1
[4.810s] gmake[1]: *** [CMakeFiles/Makefile2:679: CMakeFiles/rfid_ros_node.dir/all] Error 2
[4.810s] gmake[1]: *** Waiting for unfinished jobs....
[5.017s] [39;49m  rfid_ros_package_assemblies_dotnetcore -> /home/rfid_tag_workspace/src/rfid_ros_package/build/rfid_ros_package/net8.0/linux-x64/rfid_ros_package_assemblies.dll
[5.029s]   rfid_ros_package_assemblies_dotnetcore -> /home/rfid_tag_workspace/src/rfid_ros_package/build/rfid_ros_package/net8.0/linux-x64/publish/
[5.053s] [100%] Built target rfid_ros_package_assemblies
[5.053s] gmake: *** [Makefile:146: all] Error 2
[5.056s] Invoked command in '/home/rfid_tag_workspace/src/rfid_ros_package/build/rfid_ros_package' returned '2': CMAKE_PREFIX_PATH=${CMAKE_PREFIX_PATH}:/home/rfid_tag_workspace/install/sensor_msgs_py:/opt/ros/humble /usr/bin/cmake --build /home/rfid_tag_workspace/src/rfid_ros_package/build/rfid_ros_package -- -j24 -l24
