[0.069s] DEBUG:colcon:Command line arguments: ['/usr/bin/colcon', 'build', '--packages-select', 'rfid_ros_package']
[0.069s] DEBUG:colcon:Parsed command line arguments: Namespace(log_base=None, log_level=None, verb_name='build', build_base='build', install_base='install', merge_install=False, symlink_install=False, test_result_base=None, continue_on_error=False, executor='parallel', parallel_workers=24, event_handlers=None, ignore_user_meta=False, metas=['./colcon.meta'], base_paths=['.'], packages_ignore=None, packages_ignore_regex=None, paths=None, packages_up_to=None, packages_up_to_regex=None, packages_above=None, packages_above_and_dependencies=None, packages_above_depth=None, packages_select_by_dep=None, packages_skip_by_dep=None, packages_skip_up_to=None, packages_select_build_failed=False, packages_skip_build_finished=False, packages_select_test_failures=False, packages_skip_test_passed=False, packages_select=['rfid_ros_package'], packages_skip=None, packages_select_regex=None, packages_skip_regex=None, packages_start=None, packages_end=None, allow_overriding=[], cmake_args=None, cmake_target=None, cmake_target_skip_unavailable=False, cmake_clean_cache=False, cmake_clean_first=False, cmake_force_configure=False, ament_cmake_args=None, catkin_cmake_args=None, catkin_skip_building_tests=False, mixin_files=None, mixin=None, verb_parser=<colcon_mixin.mixin.mixin_argument.MixinArgumentDecorator object at 0x7f13d822db70>, verb_extension=<colcon_core.verb.build.BuildVerb object at 0x7f13d83b2b00>, main=<bound method BuildVerb.main of <colcon_core.verb.build.BuildVerb object at 0x7f13d83b2b00>>, mixin_verb=('build',))
[0.177s] Level 1:colcon.colcon_core.package_discovery:discover_packages(colcon_meta) check parameters
[0.177s] Level 1:colcon.colcon_core.package_discovery:discover_packages(recursive) check parameters
[0.177s] Level 1:colcon.colcon_core.package_discovery:discover_packages(ignore) check parameters
[0.177s] Level 1:colcon.colcon_core.package_discovery:discover_packages(path) check parameters
[0.177s] Level 1:colcon.colcon_core.package_discovery:discover_packages(colcon_meta) discover
[0.177s] Level 1:colcon.colcon_core.package_discovery:discover_packages(recursive) discover
[0.177s] INFO:colcon.colcon_core.package_discovery:Crawling recursively for packages in '/home/rfid_tag_workspace/src/rfid_ros_package'
[0.177s] Level 1:colcon.colcon_core.package_identification:_identify(.) by extensions ['ignore', 'ignore_ament_install']
[0.177s] Level 1:colcon.colcon_core.package_identification:_identify(.) by extension 'ignore'
[0.177s] Level 1:colcon.colcon_core.package_identification:_identify(.) by extension 'ignore_ament_install'
[0.177s] Level 1:colcon.colcon_core.package_identification:_identify(.) by extensions ['colcon_pkg']
[0.178s] Level 1:colcon.colcon_core.package_identification:_identify(.) by extension 'colcon_pkg'
[0.178s] Level 1:colcon.colcon_core.package_identification:_identify(.) by extensions ['colcon_meta']
[0.178s] Level 1:colcon.colcon_core.package_identification:_identify(.) by extension 'colcon_meta'
[0.178s] Level 1:colcon.colcon_core.package_identification:_identify(.) by extensions ['ros']
[0.178s] Level 1:colcon.colcon_core.package_identification:_identify(.) by extension 'ros'
[0.191s] DEBUG:colcon.colcon_core.package_identification:Package '.' with type 'ros.ament_cmake' and name 'rfid_ros_package'
[0.191s] Level 1:colcon.colcon_core.package_discovery:discover_packages(recursive) using defaults
[0.191s] Level 1:colcon.colcon_core.package_discovery:discover_packages(ignore) discover
[0.191s] Level 1:colcon.colcon_core.package_discovery:discover_packages(ignore) using defaults
[0.191s] Level 1:colcon.colcon_core.package_discovery:discover_packages(path) discover
[0.191s] Level 1:colcon.colcon_core.package_discovery:discover_packages(path) using defaults
[0.204s] Level 1:colcon.colcon_core.package_discovery:discover_packages(prefix_path) check parameters
[0.204s] Level 1:colcon.colcon_core.package_discovery:discover_packages(prefix_path) discover
[0.206s] DEBUG:colcon.colcon_installed_package_information.package_discovery:Found 32 installed packages in /home/rfid_tag_workspace/install
[0.207s] DEBUG:colcon.colcon_installed_package_information.package_discovery:Found 355 installed packages in /opt/ros/humble
[0.209s] Level 1:colcon.colcon_core.package_discovery:discover_packages(prefix_path) using defaults
[0.234s] Level 5:colcon.colcon_core.verb:set package 'rfid_ros_package' build argument 'cmake_args' from command line to 'None'
[0.234s] Level 5:colcon.colcon_core.verb:set package 'rfid_ros_package' build argument 'cmake_target' from command line to 'None'
[0.234s] Level 5:colcon.colcon_core.verb:set package 'rfid_ros_package' build argument 'cmake_target_skip_unavailable' from command line to 'False'
[0.234s] Level 5:colcon.colcon_core.verb:set package 'rfid_ros_package' build argument 'cmake_clean_cache' from command line to 'False'
[0.234s] Level 5:colcon.colcon_core.verb:set package 'rfid_ros_package' build argument 'cmake_clean_first' from command line to 'False'
[0.234s] Level 5:colcon.colcon_core.verb:set package 'rfid_ros_package' build argument 'cmake_force_configure' from command line to 'False'
[0.234s] Level 5:colcon.colcon_core.verb:set package 'rfid_ros_package' build argument 'ament_cmake_args' from command line to 'None'
[0.234s] Level 5:colcon.colcon_core.verb:set package 'rfid_ros_package' build argument 'catkin_cmake_args' from command line to 'None'
[0.234s] Level 5:colcon.colcon_core.verb:set package 'rfid_ros_package' build argument 'catkin_skip_building_tests' from command line to 'False'
[0.234s] DEBUG:colcon.colcon_core.verb:Building package 'rfid_ros_package' with the following arguments: {'ament_cmake_args': None, 'build_base': '/home/rfid_tag_workspace/src/rfid_ros_package/build/rfid_ros_package', 'catkin_cmake_args': None, 'catkin_skip_building_tests': False, 'cmake_args': None, 'cmake_clean_cache': False, 'cmake_clean_first': False, 'cmake_force_configure': False, 'cmake_target': None, 'cmake_target_skip_unavailable': False, 'install_base': '/home/rfid_tag_workspace/src/rfid_ros_package/install/rfid_ros_package', 'merge_install': False, 'path': '/home/rfid_tag_workspace/src/rfid_ros_package', 'symlink_install': False, 'test_result_base': None}
[0.234s] INFO:colcon.colcon_core.executor:Executing jobs using 'parallel' executor
[0.235s] DEBUG:colcon.colcon_parallel_executor.executor.parallel:run_until_complete
[0.235s] INFO:colcon.colcon_ros.task.ament_cmake.build:Building ROS package in '/home/rfid_tag_workspace/src/rfid_ros_package' with build type 'ament_cmake'
[0.235s] INFO:colcon.colcon_cmake.task.cmake.build:Building CMake package in '/home/rfid_tag_workspace/src/rfid_ros_package'
[0.236s] INFO:colcon.colcon_core.plugin_system:Skipping extension 'colcon_core.shell.bat': Not used on non-Windows systems
[0.236s] INFO:colcon.colcon_core.shell:Skip shell extension 'powershell' for command environment: Not usable outside of PowerShell
[0.236s] DEBUG:colcon.colcon_core.shell:Skip shell extension 'dsv' for command environment
[0.242s] DEBUG:colcon.colcon_core.event_handler.log_command:Invoking command in '/home/rfid_tag_workspace/src/rfid_ros_package/build/rfid_ros_package': CMAKE_PREFIX_PATH=${CMAKE_PREFIX_PATH}:/home/rfid_tag_workspace/install/sensor_msgs_py:/opt/ros/humble /usr/bin/cmake /home/rfid_tag_workspace/src/rfid_ros_package -DCMAKE_INSTALL_PREFIX=/home/rfid_tag_workspace/src/rfid_ros_package/install/rfid_ros_package
[2.227s] DEBUG:colcon.colcon_core.event_handler.log_command:Invoked command in '/home/rfid_tag_workspace/src/rfid_ros_package/build/rfid_ros_package' returned '1': CMAKE_PREFIX_PATH=${CMAKE_PREFIX_PATH}:/home/rfid_tag_workspace/install/sensor_msgs_py:/opt/ros/humble /usr/bin/cmake /home/rfid_tag_workspace/src/rfid_ros_package -DCMAKE_INSTALL_PREFIX=/home/rfid_tag_workspace/src/rfid_ros_package/install/rfid_ros_package
[2.239s] Level 1:colcon.colcon_core.environment:create_environment_scripts_only(rfid_ros_package)
[2.241s] Level 1:colcon.colcon_core.environment:checking '/home/rfid_tag_workspace/src/rfid_ros_package/install/rfid_ros_package' for CMake module files
[2.242s] Level 1:colcon.colcon_core.environment:checking '/home/rfid_tag_workspace/src/rfid_ros_package/install/rfid_ros_package' for CMake config files
[2.242s] Level 1:colcon.colcon_core.environment:checking '/home/rfid_tag_workspace/src/rfid_ros_package/install/rfid_ros_package/bin'
[2.242s] Level 1:colcon.colcon_core.environment:checking '/home/rfid_tag_workspace/src/rfid_ros_package/install/rfid_ros_package/lib/pkgconfig/rfid_ros_package.pc'
[2.242s] Level 1:colcon.colcon_core.environment:checking '/home/rfid_tag_workspace/src/rfid_ros_package/install/rfid_ros_package/lib/python3.10/site-packages'
[2.242s] Level 1:colcon.colcon_core.environment:checking '/home/rfid_tag_workspace/src/rfid_ros_package/install/rfid_ros_package/bin'
[2.243s] INFO:colcon.colcon_core.shell:Creating package script '/home/rfid_tag_workspace/src/rfid_ros_package/install/rfid_ros_package/share/rfid_ros_package/package.ps1'
[2.244s] INFO:colcon.colcon_core.shell:Creating package descriptor '/home/rfid_tag_workspace/src/rfid_ros_package/install/rfid_ros_package/share/rfid_ros_package/package.dsv'
[2.244s] INFO:colcon.colcon_core.shell:Creating package script '/home/rfid_tag_workspace/src/rfid_ros_package/install/rfid_ros_package/share/rfid_ros_package/package.sh'
[2.245s] INFO:colcon.colcon_core.shell:Creating package script '/home/rfid_tag_workspace/src/rfid_ros_package/install/rfid_ros_package/share/rfid_ros_package/package.bash'
[2.246s] INFO:colcon.colcon_core.shell:Creating package script '/home/rfid_tag_workspace/src/rfid_ros_package/install/rfid_ros_package/share/rfid_ros_package/package.zsh'
[2.247s] Level 1:colcon.colcon_core.environment:create_file_with_runtime_dependencies(/home/rfid_tag_workspace/src/rfid_ros_package/install/rfid_ros_package/share/colcon-core/packages/rfid_ros_package)
[2.257s] DEBUG:colcon.colcon_parallel_executor.executor.parallel:closing loop
[2.257s] DEBUG:colcon.colcon_parallel_executor.executor.parallel:loop closed
[2.257s] DEBUG:colcon.colcon_parallel_executor.executor.parallel:run_until_complete finished with '1'
[2.258s] DEBUG:colcon.colcon_core.event_reactor:joining thread
[2.267s] INFO:colcon.colcon_core.plugin_system:Skipping extension 'colcon_notification.desktop_notification.notify_send': Could not find 'notify-send'
[2.268s] INFO:colcon.colcon_core.plugin_system:Skipping extension 'colcon_notification.desktop_notification.terminal_notifier': Not used on non-Darwin systems
[2.268s] INFO:colcon.colcon_core.plugin_system:Skipping extension 'colcon_notification.desktop_notification.win32': Not used on non-Windows systems
[2.268s] INFO:colcon.colcon_notification.desktop_notification:Sending desktop notification using 'notify2'
[2.272s] DEBUG:colcon.colcon_notification.desktop_notification.notify2:Failed to initialize notify2: org.freedesktop.DBus.Error.Spawn.ExecFailed: /usr/bin/dbus-launch terminated abnormally without any error message
[2.272s] DEBUG:colcon.colcon_core.event_reactor:joined thread
[2.273s] INFO:colcon.colcon_core.shell:Creating prefix script '/home/rfid_tag_workspace/src/rfid_ros_package/install/local_setup.ps1'
[2.275s] INFO:colcon.colcon_core.shell:Creating prefix util module '/home/rfid_tag_workspace/src/rfid_ros_package/install/_local_setup_util_ps1.py'
[2.278s] INFO:colcon.colcon_core.shell:Creating prefix chain script '/home/rfid_tag_workspace/src/rfid_ros_package/install/setup.ps1'
[2.281s] INFO:colcon.colcon_core.shell:Creating prefix script '/home/rfid_tag_workspace/src/rfid_ros_package/install/local_setup.sh'
[2.282s] INFO:colcon.colcon_core.shell:Creating prefix util module '/home/rfid_tag_workspace/src/rfid_ros_package/install/_local_setup_util_sh.py'
[2.283s] INFO:colcon.colcon_core.shell:Creating prefix chain script '/home/rfid_tag_workspace/src/rfid_ros_package/install/setup.sh'
[2.285s] INFO:colcon.colcon_core.shell:Creating prefix script '/home/rfid_tag_workspace/src/rfid_ros_package/install/local_setup.bash'
[2.286s] INFO:colcon.colcon_core.shell:Creating prefix chain script '/home/rfid_tag_workspace/src/rfid_ros_package/install/setup.bash'
[2.287s] INFO:colcon.colcon_core.shell:Creating prefix script '/home/rfid_tag_workspace/src/rfid_ros_package/install/local_setup.zsh'
[2.288s] INFO:colcon.colcon_core.shell:Creating prefix chain script '/home/rfid_tag_workspace/src/rfid_ros_package/install/setup.zsh'
