-- The C compiler identification is GNU 11.4.0
-- The CXX compiler identification is GNU 11.4.0
-- Detecting C compiler ABI info
-- Detecting C compiler ABI info - done
-- Check for working C compiler: /usr/bin/cc - skipped
-- Detecting C compile features
-- Detecting C compile features - done
-- Detecting CXX compiler ABI info
-- Detecting CXX compiler ABI info - done
-- Check for working CXX compiler: /usr/bin/c++ - skipped
-- Detecting CXX compile features
-- Detecting CXX compile features - done
-- Found ament_cmake: 1.3.11 (/opt/ros/humble/share/ament_cmake/cmake)
-- Found Python3: /usr/bin/python3 (found version "3.10.12") found components: Interpreter 
-- Found rcl: 5.3.9 (/opt/ros/humble/share/rcl/cmake)
-- Found rosidl_generator_c: 3.1.6 (/opt/ros/humble/share/rosidl_generator_c/cmake)
-- Found rosidl_adapter: 3.1.6 (/opt/ros/humble/share/rosidl_adapter/cmake)
-- Found rosidl_generator_cpp: 3.1.6 (/opt/ros/humble/share/rosidl_generator_cpp/cmake)
-- Using all available rosidl_typesupport_c: rosidl_typesupport_fastrtps_c;rosidl_typesupport_introspection_c
-- Using all available rosidl_typesupport_cpp: rosidl_typesupport_fastrtps_cpp;rosidl_typesupport_introspection_cpp
-- Found rmw_implementation_cmake: 6.1.2 (/opt/ros/humble/share/rmw_implementation_cmake/cmake)
-- Found rmw_cyclonedds_cpp: 1.3.4 (/opt/ros/humble/share/rmw_cyclonedds_cpp/cmake)
-- Using RMW implementation 'rmw_cyclonedds_cpp' as default
-- Looking for pthread.h
-- Looking for pthread.h - found
-- Performing Test CMAKE_HAVE_LIBC_PTHREAD
-- Performing Test CMAKE_HAVE_LIBC_PTHREAD - Success
-- Found Threads: TRUE  
-- Found rcl_action: 5.3.9 (/opt/ros/humble/share/rcl_action/cmake)
-- Found ament_cmake_export_assemblies: 0.0.0 (/home/rfid_tag_workspace/install/ament_cmake_export_assemblies/share/ament_cmake_export_assemblies/cmake)
-- Found dotnet_cmake_module: 0.0.0 (/home/rfid_tag_workspace/install/dotnet_cmake_module/share/dotnet_cmake_module/cmake)
[33mCMake Warning (dev) at /usr/share/cmake-3.22/Modules/FindPackageHandleStandardArgs.cmake:438 (message):
  The package name passed to `find_package_handle_standard_args`
  (DOTNET_CORE) does not match the name of the calling package (DotNetCore).
  This can lead to problems in calling code that expects `find_package`
  result variables (e.g., `_FOUND`) to follow a certain pattern.
Call Stack (most recent call first):
  /home/rfid_tag_workspace/install/dotnet_cmake_module/share/dotnet_cmake_module/cmake/Modules/dotnet/FindDotNetCore.cmake:37 (find_package_handle_standard_args)
  /home/rfid_tag_workspace/install/dotnet_cmake_module/share/dotnet_cmake_module/cmake/Modules/FindCSBuild.cmake:20 (find_package)
  /home/rfid_tag_workspace/install/dotnet_cmake_module/share/dotnet_cmake_module/cmake/Modules/FindDotNETExtra.cmake:15 (find_package)
  CMakeLists.txt:23 (find_package)
This warning is for project developers.  Use -Wno-dev to suppress it.
[0m
-- Found DOTNET_CORE: /usr/bin/dotnet  
-- Found .NET Core: 8.0.114
-- Using Framework: net8.0
-- Using Framework: net8.0
-- Using Runtime: linux-x64
-- Found rcldotnet: 0.0.0 (/home/rfid_tag_workspace/install/rcldotnet/share/rcldotnet/cmake)
-- Found rcldotnet_common: 0.0.0 (/home/rfid_tag_workspace/install/rcldotnet_common/share/rcldotnet_common/cmake)
-- Found rosidl_default_generators: 1.2.0 (/home/rfid_tag_workspace/install/rosidl_default_generators/share/rosidl_default_generators/cmake)
-- Found std_msgs: 4.2.4 (/home/rfid_tag_workspace/install/std_msgs/share/std_msgs/cmake)
-- Found std_srvs: 4.2.4 (/home/rfid_tag_workspace/install/std_srvs/share/std_srvs/cmake)
-- Found ament_cmake_ros: 0.10.0 (/opt/ros/humble/share/ament_cmake_ros/cmake)
-- Using all available rosidl_typesupport_c: rosidl_typesupport_fastrtps_c;rosidl_typesupport_introspection_c
-- Using all available rosidl_typesupport_cpp: rosidl_typesupport_fastrtps_cpp;rosidl_typesupport_introspection_cpp
-- Found .NET Core: 8.0.114
-- Using Framework: net8.0
-- Using Framework: net8.0
-- Using Runtime: linux-x64
-- Found OpenSSL: /usr/lib/x86_64-linux-gnu/libcrypto.so (found version "3.0.2")  
-- Found FastRTPS: /opt/ros/humble/include  
-- Found PythonInterp: /usr/bin/python3 (found suitable version "3.10.12", minimum required is "3.6") 
-- Found python_cmake_module: 0.10.0 (/opt/ros/humble/share/python_cmake_module/cmake)
-- Found PythonLibs: /usr/lib/x86_64-linux-gnu/libpython3.10.so (found suitable version "3.10.12", minimum required is "3.5") 
-- Using PYTHON_EXECUTABLE: /usr/bin/python3
-- Using PYTHON_INCLUDE_DIRS: /usr/include/python3.10
-- Using PYTHON_LIBRARIES: /usr/lib/x86_64-linux-gnu/libpython3.10.so
-- Found PythonExtra: .so  
[31mCMake Error at CMakeLists.txt:71 (target_link_libraries):
  Cannot specify link libraries for target "rfid_ros_node" which is not built
  by this project.

[0m
-- Configuring incomplete, errors occurred!
See also "/home/rfid_tag_workspace/src/rfid_ros_package/build/rfid_ros_package/CMakeFiles/CMakeOutput.log".
