[0.007s] Invoking command in '/home/rfid_tag_workspace/src/rfid_ros_package/build/rfid_ros_package': CMAKE_PREFIX_PATH=${CMAKE_PREFIX_PATH}:/home/rfid_tag_workspace/install/sensor_msgs_py:/opt/ros/humble /usr/bin/cmake /home/rfid_tag_workspace/src/rfid_ros_package -DCMAKE_INSTALL_PREFIX=/home/rfid_tag_workspace/src/rfid_ros_package/install/rfid_ros_package
[0.074s] -- The C compiler identification is GNU 11.4.0
[0.147s] -- The CXX compiler identification is GNU 11.4.0
[0.152s] -- Detecting C compiler ABI info
[0.226s] -- Detecting C compiler ABI info - done
[0.238s] -- Check for working C compiler: /usr/bin/cc - skipped
[0.238s] -- Detecting C compile features
[0.239s] -- Detecting C compile features - done
[0.244s] -- Detecting CXX compiler ABI info
[0.333s] -- Detecting CXX compiler ABI info - done
[0.339s] -- Check for working CXX compiler: /usr/bin/c++ - skipped
[0.339s] -- Detecting CXX compile features
[0.340s] -- Detecting CXX compile features - done
[0.346s] -- Found ament_cmake: 1.3.11 (/opt/ros/humble/share/ament_cmake/cmake)
[0.486s] -- Found Python3: /usr/bin/python3 (found version "3.10.12") found components: Interpreter 
[0.575s] -- Found rcl: 5.3.9 (/opt/ros/humble/share/rcl/cmake)
[0.615s] -- Found rosidl_generator_c: 3.1.6 (/opt/ros/humble/share/rosidl_generator_c/cmake)
[0.621s] -- Found rosidl_adapter: 3.1.6 (/opt/ros/humble/share/rosidl_adapter/cmake)
[0.630s] -- Found rosidl_generator_cpp: 3.1.6 (/opt/ros/humble/share/rosidl_generator_cpp/cmake)
[0.641s] -- Using all available rosidl_typesupport_c: rosidl_typesupport_fastrtps_c;rosidl_typesupport_introspection_c
[0.657s] -- Using all available rosidl_typesupport_cpp: rosidl_typesupport_fastrtps_cpp;rosidl_typesupport_introspection_cpp
[0.695s] -- Found rmw_implementation_cmake: 6.1.2 (/opt/ros/humble/share/rmw_implementation_cmake/cmake)
[0.699s] -- Found rmw_cyclonedds_cpp: 1.3.4 (/opt/ros/humble/share/rmw_cyclonedds_cpp/cmake)
[0.723s] -- Using RMW implementation 'rmw_cyclonedds_cpp' as default
[0.736s] -- Looking for pthread.h
[0.798s] -- Looking for pthread.h - found
[0.798s] -- Performing Test CMAKE_HAVE_LIBC_PTHREAD
[0.907s] -- Performing Test CMAKE_HAVE_LIBC_PTHREAD - Success
[0.909s] -- Found Threads: TRUE  
[0.925s] -- Found rcl_action: 5.3.9 (/opt/ros/humble/share/rcl_action/cmake)
[0.946s] -- Found ament_cmake_export_assemblies: 0.0.0 (/home/rfid_tag_workspace/install/ament_cmake_export_assemblies/share/ament_cmake_export_assemblies/cmake)
[0.948s] -- Found dotnet_cmake_module: 0.0.0 (/home/rfid_tag_workspace/install/dotnet_cmake_module/share/dotnet_cmake_module/cmake)
[1.031s] [33mCMake Warning (dev) at /usr/share/cmake-3.22/Modules/FindPackageHandleStandardArgs.cmake:438 (message):
[1.031s]   The package name passed to `find_package_handle_standard_args`
[1.031s]   (DOTNET_CORE) does not match the name of the calling package (DotNetCore).
[1.031s]   This can lead to problems in calling code that expects `find_package`
[1.031s]   result variables (e.g., `_FOUND`) to follow a certain pattern.
[1.031s] Call Stack (most recent call first):
[1.031s]   /home/rfid_tag_workspace/install/dotnet_cmake_module/share/dotnet_cmake_module/cmake/Modules/dotnet/FindDotNetCore.cmake:37 (find_package_handle_standard_args)
[1.031s]   /home/rfid_tag_workspace/install/dotnet_cmake_module/share/dotnet_cmake_module/cmake/Modules/FindCSBuild.cmake:20 (find_package)
[1.031s]   /home/rfid_tag_workspace/install/dotnet_cmake_module/share/dotnet_cmake_module/cmake/Modules/FindDotNETExtra.cmake:15 (find_package)
[1.032s]   CMakeLists.txt:23 (find_package)
[1.032s] This warning is for project developers.  Use -Wno-dev to suppress it.
[1.032s] [0m
[1.032s] -- Found DOTNET_CORE: /usr/bin/dotnet  
[1.032s] -- Found .NET Core: 8.0.114
[1.032s] -- Using Framework: net8.0
[1.032s] -- Using Framework: net8.0
[1.032s] -- Using Runtime: linux-x64
[1.032s] -- Found rcldotnet: 0.0.0 (/home/rfid_tag_workspace/install/rcldotnet/share/rcldotnet/cmake)
[1.036s] -- Found rcldotnet_common: 0.0.0 (/home/rfid_tag_workspace/install/rcldotnet_common/share/rcldotnet_common/cmake)
[1.038s] -- Found rosidl_default_generators: 1.2.0 (/home/rfid_tag_workspace/install/rosidl_default_generators/share/rosidl_default_generators/cmake)
[1.051s] -- Found std_msgs: 4.2.4 (/home/rfid_tag_workspace/install/std_msgs/share/std_msgs/cmake)
[1.060s] -- Found std_srvs: 4.2.4 (/home/rfid_tag_workspace/install/std_srvs/share/std_srvs/cmake)
[1.270s] -- Found ament_cmake_ros: 0.10.0 (/opt/ros/humble/share/ament_cmake_ros/cmake)
[1.567s] -- Using all available rosidl_typesupport_c: rosidl_typesupport_fastrtps_c;rosidl_typesupport_introspection_c
[1.674s] -- Using all available rosidl_typesupport_cpp: rosidl_typesupport_fastrtps_cpp;rosidl_typesupport_introspection_cpp
[1.677s] -- Found .NET Core: 8.0.114
[1.678s] -- Using Framework: net8.0
[1.678s] -- Using Framework: net8.0
[1.678s] -- Using Runtime: linux-x64
[1.796s] -- Found OpenSSL: /usr/lib/x86_64-linux-gnu/libcrypto.so (found version "3.0.2")  
[1.835s] -- Found FastRTPS: /opt/ros/humble/include  
[1.899s] -- Found PythonInterp: /usr/bin/python3 (found suitable version "3.10.12", minimum required is "3.6") 
[1.902s] -- Found python_cmake_module: 0.10.0 (/opt/ros/humble/share/python_cmake_module/cmake)
[1.927s] -- Found PythonLibs: /usr/lib/x86_64-linux-gnu/libpython3.10.so (found suitable version "3.10.12", minimum required is "3.5") 
[1.927s] -- Using PYTHON_EXECUTABLE: /usr/bin/python3
[1.927s] -- Using PYTHON_INCLUDE_DIRS: /usr/include/python3.10
[1.927s] -- Using PYTHON_LIBRARIES: /usr/lib/x86_64-linux-gnu/libpython3.10.so
[1.945s] -- Found PythonExtra: .so  
[1.986s] [31mCMake Error at CMakeLists.txt:71 (target_link_libraries):
[1.986s]   Cannot specify link libraries for target "rfid_ros_node" which is not built
[1.986s]   by this project.
[1.986s] 
[1.986s] [0m
[1.987s] -- Configuring incomplete, errors occurred!
[1.987s] See also "/home/rfid_tag_workspace/src/rfid_ros_package/build/rfid_ros_package/CMakeFiles/CMakeOutput.log".
[1.992s] Invoked command in '/home/rfid_tag_workspace/src/rfid_ros_package/build/rfid_ros_package' returned '1': CMAKE_PREFIX_PATH=${CMAKE_PREFIX_PATH}:/home/rfid_tag_workspace/install/sensor_msgs_py:/opt/ros/humble /usr/bin/cmake /home/rfid_tag_workspace/src/rfid_ros_package -DCMAKE_INSTALL_PREFIX=/home/rfid_tag_workspace/src/rfid_ros_package/install/rfid_ros_package
