[0.009s] Invoking command in '/home/rfid_tag_workspace/src/rfid_ros_package/build/rfid_ros_package': CMAKE_PREFIX_PATH=${CMAKE_PREFIX_PATH}:/home/rfid_tag_workspace/install/sensor_msgs_py:/opt/ros/humble /usr/bin/cmake /home/rfid_tag_workspace/src/rfid_ros_package -DCMAKE_INSTALL_PREFIX=/home/rfid_tag_workspace/src/rfid_ros_package/install/rfid_ros_package
[0.019s] -- Found ament_cmake: 1.3.11 (/opt/ros/humble/share/ament_cmake/cmake)
[0.122s] -- Found rcl: 5.3.9 (/opt/ros/humble/share/rcl/cmake)
[0.140s] -- Found rosidl_generator_c: 3.1.6 (/opt/ros/humble/share/rosidl_generator_c/cmake)
[0.141s] -- Found rosidl_adapter: 3.1.6 (/opt/ros/humble/share/rosidl_adapter/cmake)
[0.145s] -- Found rosidl_generator_cpp: 3.1.6 (/opt/ros/humble/share/rosidl_generator_cpp/cmake)
[0.151s] -- Using all available rosidl_typesupport_c: rosidl_typesupport_fastrtps_c;rosidl_typesupport_introspection_c
[0.159s] -- Using all available rosidl_typesupport_cpp: rosidl_typesupport_fastrtps_cpp;rosidl_typesupport_introspection_cpp
[0.179s] -- Found rmw_implementation_cmake: 6.1.2 (/opt/ros/humble/share/rmw_implementation_cmake/cmake)
[0.180s] -- Found rmw_cyclonedds_cpp: 1.3.4 (/opt/ros/humble/share/rmw_cyclonedds_cpp/cmake)
[0.192s] -- Using RMW implementation 'rmw_cyclonedds_cpp' as default
[0.197s] -- Found rcl_action: 5.3.9 (/opt/ros/humble/share/rcl_action/cmake)
[0.215s] -- Found ament_cmake_export_assemblies: 0.0.0 (/home/rfid_tag_workspace/install/ament_cmake_export_assemblies/share/ament_cmake_export_assemblies/cmake)
[0.215s] -- Found dotnet_cmake_module: 0.0.0 (/home/rfid_tag_workspace/install/dotnet_cmake_module/share/dotnet_cmake_module/cmake)
[0.296s] [33mCMake Warning (dev) at /usr/share/cmake-3.22/Modules/FindPackageHandleStandardArgs.cmake:438 (message):
[0.297s]   The package name passed to `find_package_handle_standard_args`
[0.297s]   (DOTNET_CORE) does not match the name of the calling package (DotNetCore).
[0.297s]   This can lead to problems in calling code that expects `find_package`
[0.297s]   result variables (e.g., `_FOUND`) to follow a certain pattern.
[0.297s] Call Stack (most recent call first):
[0.297s]   /home/rfid_tag_workspace/install/dotnet_cmake_module/share/dotnet_cmake_module/cmake/Modules/dotnet/FindDotNetCore.cmake:37 (find_package_handle_standard_args)
[0.297s]   /home/rfid_tag_workspace/install/dotnet_cmake_module/share/dotnet_cmake_module/cmake/Modules/FindCSBuild.cmake:20 (find_package)
[0.297s]   /home/rfid_tag_workspace/install/dotnet_cmake_module/share/dotnet_cmake_module/cmake/Modules/FindDotNETExtra.cmake:15 (find_package)
[0.297s]   CMakeLists.txt:23 (find_package)
[0.297s] This warning is for project developers.  Use -Wno-dev to suppress it.
[0.297s] [0m
[0.297s] -- Found .NET Core: 8.0.114
[0.297s] -- Using Framework: net8.0
[0.297s] -- Using Framework: net8.0
[0.298s] -- Using Runtime: linux-x64
[0.298s] -- Found rcldotnet: 0.0.0 (/home/rfid_tag_workspace/install/rcldotnet/share/rcldotnet/cmake)
[0.299s] -- Found rcldotnet_common: 0.0.0 (/home/rfid_tag_workspace/install/rcldotnet_common/share/rcldotnet_common/cmake)
[0.300s] -- Found rosidl_default_generators: 1.2.0 (/home/rfid_tag_workspace/install/rosidl_default_generators/share/rosidl_default_generators/cmake)
[0.308s] -- Found std_msgs: 4.2.4 (/home/rfid_tag_workspace/install/std_msgs/share/std_msgs/cmake)
[0.316s] -- Found std_srvs: 4.2.4 (/home/rfid_tag_workspace/install/std_srvs/share/std_srvs/cmake)
[0.507s] -- Found ament_cmake_ros: 0.10.0 (/opt/ros/humble/share/ament_cmake_ros/cmake)
[0.758s] -- Using all available rosidl_typesupport_c: rosidl_typesupport_fastrtps_c;rosidl_typesupport_introspection_c
[0.857s] -- Using all available rosidl_typesupport_cpp: rosidl_typesupport_fastrtps_cpp;rosidl_typesupport_introspection_cpp
[0.860s] -- Found .NET Core: 8.0.114
[0.860s] -- Using Framework: net8.0
[0.860s] -- Using Framework: net8.0
[0.860s] -- Using Runtime: linux-x64
[0.962s] -- Found python_cmake_module: 0.10.0 (/opt/ros/humble/share/python_cmake_module/cmake)
[0.982s] -- Using PYTHON_EXECUTABLE: /usr/bin/python3
[0.982s] -- Using PYTHON_INCLUDE_DIRS: /usr/include/python3.10
[0.982s] -- Using PYTHON_LIBRARIES: /usr/lib/x86_64-linux-gnu/libpython3.10.so
[0.996s] [31mCMake Error at CMakeLists.txt:88 (target_link_libraries):
[0.996s]   Utility target "rfid_ros_node" must not be used as the target of a
[0.996s]   target_link_libraries call.
[0.996s] 
[0.996s] [0m
[1.003s] -- Configuring incomplete, errors occurred!
[1.004s] See also "/home/rfid_tag_workspace/src/rfid_ros_package/build/rfid_ros_package/CMakeFiles/CMakeOutput.log".
[1.009s] Invoked command in '/home/rfid_tag_workspace/src/rfid_ros_package/build/rfid_ros_package' returned '1': CMAKE_PREFIX_PATH=${CMAKE_PREFIX_PATH}:/home/rfid_tag_workspace/install/sensor_msgs_py:/opt/ros/humble /usr/bin/cmake /home/rfid_tag_workspace/src/rfid_ros_package -DCMAKE_INSTALL_PREFIX=/home/rfid_tag_workspace/src/rfid_ros_package/install/rfid_ros_package
